# JRE version: Java(TM) SE Runtime Environment (8.0_202-b08) (build 1.8.0_202-b08)
# Java VM: Java HotSpot(TM) 64-Bit Server VM (25.202-b08 mixed mode windows-amd64 compressed oops)
Heap:
 PSYoungGen      total 171008K, used 87313K [0x00000000d6000000, 0x00000000e2580000, 0x0000000100000000)
  eden space 158720K, 55% used [0x00000000d6000000,0x00000000db544510,0x00000000dfb00000)
  from space 12288K, 0% used [0x00000000dfb00000,0x00000000dfb00000,0x00000000e0700000)
  to   space 9728K, 0% used [0x00000000e0700000,0x00000000e0700000,0x00000000e1080000)
 ParOldGen       total 82944K, used 16948K [0x0000000082000000, 0x0000000087100000, 0x00000000d6000000)
  object space 82944K, 20% used [0x0000000082000000,0x000000008308d178,0x0000000087100000)
 Metaspace       used 37875K, capacity 39996K, committed 40064K, reserved 1085440K
  class space    used 5055K, capacity 5479K, committed 5504K, reserved 1048576K
GC Heap History (10 events):
Event: 12.207 GC heap before
{Heap before GC invocations=9 (full 1):
 PSYoungGen      total 73728K, used 65024K [0x00000000d6000000, 0x00000000df100000, 0x0000000100000000)
  eden space 65024K, 100% used [0x00000000d6000000,0x00000000d9f80000,0x00000000d9f80000)
  from space 8704K, 0% used [0x00000000d9f80000,0x00000000d9f80000,0x00000000da800000)
  to   space 9216K, 0% used [0x00000000de800000,0x00000000de800000,0x00000000df100000)
 ParOldGen       total 51200K, used 6715K [0x0000000082000000, 0x0000000085200000, 0x00000000d6000000)
  object space 51200K, 13% used [0x0000000082000000,0x000000008268eff8,0x0000000085200000)
 Metaspace       used 23267K, capacity 24270K, committed 24448K, reserved 1071104K
  class space    used 3104K, capacity 3342K, committed 3456K, reserved 1048576K
Event: 12.213 GC heap after
Heap after GC invocations=9 (full 1):
 PSYoungGen      total 117760K, used 4096K [0x00000000d6000000, 0x00000000dec80000, 0x0000000100000000)
  eden space 113152K, 0% used [0x00000000d6000000,0x00000000d6000000,0x00000000dce80000)
  from space 4608K, 88% used [0x00000000de800000,0x00000000dec00158,0x00000000dec80000)
  to   space 9216K, 0% used [0x00000000dda80000,0x00000000dda80000,0x00000000de380000)
 ParOldGen       total 51200K, used 6723K [0x0000000082000000, 0x0000000085200000, 0x00000000d6000000)
  object space 51200K, 13% used [0x0000000082000000,0x0000000082690ff8,0x0000000085200000)
 Metaspace       used 23267K, capacity 24270K, committed 24448K, reserved 1071104K
  class space    used 3104K, capacity 3342K, committed 3456K, reserved 1048576K
}
Event: 14.122 GC heap before
{Heap before GC invocations=10 (full 1):
 PSYoungGen      total 117760K, used 117248K [0x00000000d6000000, 0x00000000dec80000, 0x0000000100000000)
  eden space 113152K, 100% used [0x00000000d6000000,0x00000000dce80000,0x00000000dce80000)
  from space 4608K, 88% used [0x00000000de800000,0x00000000dec00158,0x00000000dec80000)
  to   space 9216K, 0% used [0x00000000dda80000,0x00000000dda80000,0x00000000de380000)
 ParOldGen       total 51200K, used 6723K [0x0000000082000000, 0x0000000085200000, 0x00000000d6000000)
  object space 51200K, 13% used [0x0000000082000000,0x0000000082690ff8,0x0000000085200000)
 Metaspace       used 25592K, capacity 26730K, committed 26880K, reserved 1073152K
  class space    used 3460K, capacity 3721K, committed 3840K, reserved 1048576K
Event: 14.131 GC heap after
Heap after GC invocations=10 (full 1):
 PSYoungGen      total 134656K, used 7575K [0x00000000d6000000, 0x00000000e1080000, 0x0000000100000000)
  eden space 125440K, 0% used [0x00000000d6000000,0x00000000d6000000,0x00000000dda80000)
  from space 9216K, 82% used [0x00000000dda80000,0x00000000de1e5c98,0x00000000de380000)
  to   space 9728K, 0% used [0x00000000e0700000,0x00000000e0700000,0x00000000e1080000)
 ParOldGen       total 51200K, used 6731K [0x0000000082000000, 0x0000000085200000, 0x00000000d6000000)
  object space 51200K, 13% used [0x0000000082000000,0x0000000082692ff8,0x0000000085200000)
 Metaspace       used 25592K, capacity 26730K, committed 26880K, reserved 1073152K
  class space    used 3460K, capacity 3721K, committed 3840K, reserved 1048576K
}
Event: 16.165 GC heap before
{Heap before GC invocations=11 (full 1):
 PSYoungGen      total 134656K, used 133015K [0x00000000d6000000, 0x00000000e1080000, 0x0000000100000000)
  eden space 125440K, 100% used [0x00000000d6000000,0x00000000dda80000,0x00000000dda80000)
  from space 9216K, 82% used [0x00000000dda80000,0x00000000de1e5c98,0x00000000de380000)
  to   space 9728K, 0% used [0x00000000e0700000,0x00000000e0700000,0x00000000e1080000)
 ParOldGen       total 51200K, used 6731K [0x0000000082000000, 0x0000000085200000, 0x00000000d6000000)
  object space 51200K, 13% used [0x0000000082000000,0x0000000082692ff8,0x0000000085200000)
 Metaspace       used 30959K, capacity 32700K, committed 32896K, reserved 1077248K
  class space    used 4116K, capacity 4422K, committed 4480K, reserved 1048576K
Event: 16.180 GC heap after
Heap after GC invocations=11 (full 1):
 PSYoungGen      total 168448K, used 9705K [0x00000000d6000000, 0x00000000e2580000, 0x0000000100000000)
  eden space 158720K, 0% used [0x00000000d6000000,0x00000000d6000000,0x00000000dfb00000)
  from space 9728K, 99% used [0x00000000e0700000,0x00000000e107a4e0,0x00000000e1080000)
  to   space 12288K, 0% used [0x00000000dfb00000,0x00000000dfb00000,0x00000000e0700000)
 ParOldGen       total 51200K, used 10851K [0x0000000082000000, 0x0000000085200000, 0x00000000d6000000)
  object space 51200K, 21% used [0x0000000082000000,0x0000000082a98c60,0x0000000085200000)
 Metaspace       used 30959K, capacity 32700K, committed 32896K, reserved 1077248K
  class space    used 4116K, capacity 4422K, committed 4480K, reserved 1048576K
}
Event: 17.063 GC heap before
{Heap before GC invocations=12 (full 1):
 PSYoungGen      total 168448K, used 66087K [0x00000000d6000000, 0x00000000e2580000, 0x0000000100000000)
  eden space 158720K, 35% used [0x00000000d6000000,0x00000000d970f7f8,0x00000000dfb00000)
  from space 9728K, 99% used [0x00000000e0700000,0x00000000e107a4e0,0x00000000e1080000)
  to   space 12288K, 0% used [0x00000000dfb00000,0x00000000dfb00000,0x00000000e0700000)
 ParOldGen       total 51200K, used 10851K [0x0000000082000000, 0x0000000085200000, 0x00000000d6000000)
  object space 51200K, 21% used [0x0000000082000000,0x0000000082a98c60,0x0000000085200000)
 Metaspace       used 33631K, capacity 35326K, committed 35496K, reserved 1079296K
  class space    used 4456K, capacity 4784K, committed 4864K, reserved 1048576K
Event: 17.077 GC heap after
Heap after GC invocations=12 (full 1):
 PSYoungGen      total 171008K, used 2511K [0x00000000d6000000, 0x00000000e2580000, 0x0000000100000000)
  eden space 158720K, 0% used [0x00000000d6000000,0x00000000d6000000,0x00000000dfb00000)
  from space 12288K, 20% used [0x00000000dfb00000,0x00000000dfd73e18,0x00000000e0700000)
  to   space 9728K, 0% used [0x00000000e0700000,0x00000000e0700000,0x00000000e1080000)
 ParOldGen       total 51200K, used 19016K [0x0000000082000000, 0x0000000085200000, 0x00000000d6000000)
  object space 51200K, 37% used [0x0000000082000000,0x0000000083292050,0x0000000085200000)
 Metaspace       used 33631K, capacity 35326K, committed 35496K, reserved 1079296K
  class space    used 4456K, capacity 4784K, committed 4864K, reserved 1048576K
}
Event: 17.077 GC heap before
{Heap before GC invocations=13 (full 2):
 PSYoungGen      total 171008K, used 2511K [0x00000000d6000000, 0x00000000e2580000, 0x0000000100000000)
  eden space 158720K, 0% used [0x00000000d6000000,0x00000000d6000000,0x00000000dfb00000)
  from space 12288K, 20% used [0x00000000dfb00000,0x00000000dfd73e18,0x00000000e0700000)
  to   space 9728K, 0% used [0x00000000e0700000,0x00000000e0700000,0x00000000e1080000)
 ParOldGen       total 51200K, used 19016K [0x0000000082000000, 0x0000000085200000, 0x00000000d6000000)
  object space 51200K, 37% used [0x0000000082000000,0x0000000083292050,0x0000000085200000)
 Metaspace       used 33631K, capacity 35326K, committed 35496K, reserved 1079296K
  class space    used 4456K, capacity 4784K, committed 4864K, reserved 1048576K
Event: 17.171 GC heap after
Heap after GC invocations=13 (full 2):
 PSYoungGen      total 171008K, used 0K [0x00000000d6000000, 0x00000000e2580000, 0x0000000100000000)
  eden space 158720K, 0% used [0x00000000d6000000,0x00000000d6000000,0x00000000dfb00000)
  from space 12288K, 0% used [0x00000000dfb00000,0x00000000dfb00000,0x00000000e0700000)
  to   space 9728K, 0% used [0x00000000e0700000,0x00000000e0700000,0x00000000e1080000)
 ParOldGen       total 82944K, used 16948K [0x0000000082000000, 0x0000000087100000, 0x00000000d6000000)
  object space 82944K, 20% used [0x0000000082000000,0x000000008308d178,0x0000000087100000)
 Metaspace       used 33631K, capacity 35326K, committed 35496K, reserved 1079296K
  class space    used 4456K, capacity 4784K, committed 4864K, reserved 1048576K
}

